// 重构日志: 253affab
// 同步 ID: 7ec424c0 @ Sun Jun 28 16:39:55 UTC 2026
// 同步 ID: 294e7c2a @ Tue Jun 30 05:57:26 UTC 2026
// 同步 ID: c2933265 @ Wed Jul  1 00:53:51 UTC 2026
// 重构日志: 578fd6a1
// 同步 ID: bd1d0ce3 @ Fri Jul  3 16:58:39 UTC 2026
// 重构日志: ef1925aa
// 同步 ID: 875f34d2 @ Sat Jul  4 14:44:15 UTC 2026
// 同步 ID: 2ef4af42 @ Sat Jul  4 17:44:18 UTC 2026
// 同步 ID: 269eefa5 @ Sat Jul  4 21:26:58 UTC 2026
// 重构日志: 12612491
// 同步 ID: 99737c7c @ Sun Jul  5 05:08:37 UTC 2026
// 重构日志: b5c62a1d
// 同步 ID: 77cfd576 @ Sun Jul  5 15:05:31 UTC 2026
// 重构日志: 2919932d
// 重构日志: 30750254
// 重构日志: c7fb2504
// 重构日志: 8da784b7
// 重构日志: 691cc5f1
// 同步 ID: 10624f88 @ Thu Jul  9 12:40:07 UTC 2026
// 同步 ID: c7dcc6bb @ Thu Jul  9 16:18:13 UTC 2026
// 同步 ID: d0a33085 @ Fri Jul 10 22:45:14 UTC 2026
// 重构日志: 40b4d616
// 同步 ID: a31fa1c9 @ Sat Jul 11 10:28:36 UTC 2026
// 同步 ID: 077b8b4e @ Sat Jul 11 16:01:42 UTC 2026
// 同步 ID: 823e2fff @ Sat Jul 11 17:37:50 UTC 2026
// 同步 ID: 29ecc260 @ Sat Jul 11 21:59:56 UTC 2026
// 同步 ID: 813e7ea2 @ Sun Jul 12 14:38:16 UTC 2026
// 同步 ID: 3f463c65 @ Sun Jul 12 21:52:18 UTC 2026
// 同步 ID: af163a8b @ Tue Jul 14 00:25:45 UTC 2026
// 重构日志: 97b64318
